<?xml version="1.0" encoding="UTF-8"?>
<!-- Generated by org.testng.reporters.JUnitReportReporter -->
<testsuite hostname="grune4ka-laptop" name="ru.mail.go.calendar.tests.CalendarTest" tests="8" failures="0" timestamp="25 Oct 2013 17:56:56 GMT" time="89.869" errors="0">
  <testcase name="CalendarTestShortday" time="10.034" classname="ru.mail.go.calendar.tests.CalendarTest"/>
  <testcase name="CalendarTestCollapse" time="12.150" classname="ru.mail.go.calendar.tests.CalendarTest"/>
  <testcase name="CalendarTestExpand" time="11.573" classname="ru.mail.go.calendar.tests.CalendarTest"/>
  <testcase name="CalendarTestTitle" time="10.033" classname="ru.mail.go.calendar.tests.CalendarTest"/>
  <testcase name="CalendarTestCurrentYear" time="10.261" classname="ru.mail.go.calendar.tests.CalendarTest"/>
  <testcase name="CalendarTestHolyday" time="10.489" classname="ru.mail.go.calendar.tests.CalendarTest"/>
  <testcase name="CalendarTestOtherYear" time="14.801" classname="ru.mail.go.calendar.tests.CalendarTest"/>
  <testcase name="CalendarTestCurrentDay" time="10.528" classname="ru.mail.go.calendar.tests.CalendarTest"/>
</testsuite> <!-- ru.mail.go.calendar.tests.CalendarTest -->
